<?xml version="1.0" encoding="UTF-8"?>
<testsuite xmlns:xsi="http://www.w3.org/2001/XMLSchema-instance" xsi:noNamespaceSchemaLocation="https://maven.apache.org/surefire/maven-surefire-plugin/xsd/surefire-test-report.xsd" version="3.0.2" name="com.example.demo.IndexApplicationTests" time="13.187" tests="1" errors="0" skipped="0" failures="0">
  <properties>
[...]
</properties>
  <testcase name="contextLoads" classname="com.example.demo.IndexApplicationTests" time="0.327">
    <system-out><![CDATA[11:13:15.206 [main] INFO org.springframework.test.context.support.AnnotationConfigContextLoaderUtils -- Could not detect default configuration classes for test class [com.example.demo.IndexApplicationTests]: IndexApplicationTests does not declare any static, non-private, non-final, nested classes annotated with @Configuration.
11:13:15.439 [main] INFO org.springframework.boot.test.context.SpringBootTestContextBootstrapper -- Found @SpringBootConfiguration com.example.demo.IndexApplication for test class com.example.demo.IndexApplicationTests

  .   ____          _            __ _ _
 /\\ / ___'_ __ _ _(_)_ __  __ _ \ \ \ \
( ( )\___ | '_ | '_| | '_ \/ _` | \ \ \ \
 \\/  ___)| |_)| | | | | || (_| |  ) ) ) )
  '  |____| .__|_| |_|_| |_\__, | / / / /
 =========|_|==============|___/=/_/_/_/

 :: Spring Boot ::                (v4.0.0)

2025-11-26T11:13:15.877+05:30  INFO 8868 --- [Index] [           main] com.example.demo.IndexApplicationTests   : Starting IndexApplicationTests using Java 25 with PID 8868 (started by rohit in F:\FullStack\Index)
2025-11-26T11:13:15.879+05:30  INFO 8868 --- [Index] [           main] com.example.demo.IndexApplicationTests   : No active profile set, falling back to 1 default profile: "default"
2025-11-26T11:13:16.964+05:30  INFO 8868 --- [Index] [           main] .s.d.r.c.RepositoryConfigurationDelegate : Bootstrapping Spring Data JPA repositories in DEFAULT mode.
2025-11-26T11:13:17.041+05:30  INFO 8868 --- [Index] [           main] .s.d.r.c.RepositoryConfigurationDelegate : Finished Spring Data repository scanning in 64 ms. Found 2 JPA repository interfaces.
2025-11-26T11:13:17.730+05:30  INFO 8868 --- [Index] [           main] o.hibernate.jpa.internal.util.LogHelper  : HHH000204: Processing PersistenceUnitInfo [name: default]
2025-11-26T11:13:17.855+05:30  INFO 8868 --- [Index] [           main] org.hibernate.Version                    : HHH000412: Hibernate ORM core version 7.1.8.Final
2025-11-26T11:13:18.523+05:30  INFO 8868 --- [Index] [           main] o.s.o.j.p.SpringPersistenceUnitInfo      : No LoadTimeWeaver setup: ignoring JPA class transformer
2025-11-26T11:13:18.558+05:30  INFO 8868 --- [Index] [           main] com.zaxxer.hikari.HikariDataSource       : HikariPool-1 - Starting...
2025-11-26T11:13:22.197+05:30  INFO 8868 --- [Index] [           main] com.zaxxer.hikari.pool.HikariPool        : HikariPool-1 - Added connection org.postgresql.jdbc.PgConnection@340c7479
2025-11-26T11:13:22.200+05:30  INFO 8868 --- [Index] [           main] com.zaxxer.hikari.HikariDataSource       : HikariPool-1 - Start completed.
2025-11-26T11:13:23.989+05:30  INFO 8868 --- [Index] [           main] org.hibernate.orm.connections.pooling    : HHH10001005: Database info:
	Database JDBC URL [jdbc:postgresql://dpg-d4hvi2p5pdvs739fuan0-a.oregon-postgres.render.com:5432/registration_3cnv]
	Database driver: PostgreSQL JDBC Driver
	Database dialect: PostgreSQLDialect
	Database version: 18.1
	Default catalog/schema: registration_3cnv/public
	Autocommit mode: undefined/unknown
	Isolation level: READ_COMMITTED [default READ_COMMITTED]
	JDBC fetch size: none
	Pool: DatasourceConnectionProviderImpl
	Minimum pool size: undefined/unknown
	Maximum pool size: undefined/unknown
2025-11-26T11:13:24.872+05:30  INFO 8868 --- [Index] [           main] o.h.e.t.j.p.i.JtaPlatformInitiator       : HHH000489: No JTA platform available (set 'hibernate.transaction.jta.platform' to enable JTA platform integration)
2025-11-26T11:13:26.209+05:30  INFO 8868 --- [Index] [           main] j.LocalContainerEntityManagerFactoryBean : Initialized JPA EntityManagerFactory for persistence unit 'default'
2025-11-26T11:13:26.338+05:30  INFO 8868 --- [Index] [           main] o.s.d.j.r.query.QueryEnhancerFactories   : Hibernate is in classpath; If applicable, HQL parser will be used.
2025-11-26T11:13:26.557+05:30  WARN 8868 --- [Index] [           main] JpaBaseConfiguration$JpaWebConfiguration : spring.jpa.open-in-view is enabled by default. Therefore, database queries may be performed during view rendering. Explicitly configure spring.jpa.open-in-view to disable this warning
2025-11-26T11:13:26.594+05:30  INFO 8868 --- [Index] [           main] o.s.b.w.a.WelcomePageHandlerMapping      : Adding welcome page template: index
2025-11-26T11:13:27.301+05:30  WARN 8868 --- [Index] [           main] .s.a.UserDetailsServiceAutoConfiguration : 

Using generated security password: 7886ddcb-e310-495b-969d-53d04dcf4c67

This generated password is for development use only. Your security configuration must be updated before running your application in production.

2025-11-26T11:13:27.334+05:30  INFO 8868 --- [Index] [           main] r$InitializeUserDetailsManagerConfigurer : Global AuthenticationManager configured with UserDetailsService bean with name inMemoryUserDetailsManager
2025-11-26T11:13:27.567+05:30  INFO 8868 --- [Index] [           main] o.s.b.a.e.web.EndpointLinksResolver      : Exposing 1 endpoint beneath base path '/actuator'
2025-11-26T11:13:27.724+05:30  INFO 8868 --- [Index] [           main] com.example.demo.IndexApplicationTests   : Started IndexApplicationTests in 12.103 seconds (process running for 13.418)
]]></system-out>
    <system-err><![CDATA[Mockito is currently self-attaching to enable the inline-mock-maker. This will no longer work in future releases of the JDK. Please add Mockito as an agent to your build as described in Mockito's documentation: https://javadoc.io/doc/org.mockito/mockito-core/latest/org.mockito/org/mockito/Mockito.html#0.3
WARNING: A Java agent has been loaded dynamically (C:\Users\rohit\.m2\repository\net\bytebuddy\byte-buddy-agent\1.17.8\byte-buddy-agent-1.17.8.jar)
WARNING: If a serviceability tool is in use, please run with -XX:+EnableDynamicAgentLoading to hide this warning
WARNING: If a serviceability tool is not in use, please run with -Djdk.instrument.traceUsage for more information
WARNING: Dynamic loading of agents will be disallowed by default in a future release
]]></system-err>
  </testcase>
</testsuite>